<?xml version="1.0" encoding="UTF-8"?>
<testsuite name="com.crud.ApiCrud.ApiCrudApplicationTests" tests="1" skipped="0" failures="0" errors="0" timestamp="2024-04-27T17:17:03" hostname="SP-MB5012.local" time="0.303">
  <properties/>
  <testcase name="contextLoads()" classname="com.crud.ApiCrud.ApiCrudApplicationTests" time="0.303"/>
  <system-out><![CDATA[14:17:00.979 [Test worker] INFO org.springframework.test.context.support.AnnotationConfigContextLoaderUtils -- Could not detect default configuration classes for test class [com.crud.ApiCrud.ApiCrudApplicationTests]: ApiCrudApplicationTests does not declare any static, non-private, non-final, nested classes annotated with @Configuration.
14:17:01.022 [Test worker] INFO org.springframework.boot.test.context.SpringBootTestContextBootstrapper -- Found @SpringBootConfiguration com.crud.ApiCrud.ApiCrudApplication for test class com.crud.ApiCrud.ApiCrudApplicationTests

  .   ____          _            __ _ _
 /\\ / ___'_ __ _ _(_)_ __  __ _ \ \ \ \
( ( )\___ | '_ | '_| | '_ \/ _` | \ \ \ \
 \\/  ___)| |_)| | | | | || (_| |  ) ) ) )
  '  |____| .__|_| |_|_| |_\__, | / / / /
 =========|_|==============|___/=/_/_/_/
 :: Spring Boot ::                (v3.2.4)

2024-04-27T14:17:01.203-03:00  INFO 15668 --- [ApiCrud] [    Test worker] c.crud.ApiCrud.ApiCrudApplicationTests   : Starting ApiCrudApplicationTests using Java 21.0.2 with PID 15668 (started by gelson.rodrigues in /Users/gelson.rodrigues/ggrcursos/api_crud_java_21)
2024-04-27T14:17:01.203-03:00  INFO 15668 --- [ApiCrud] [    Test worker] c.crud.ApiCrud.ApiCrudApplicationTests   : The following 1 profile is active: "qa"
2024-04-27T14:17:01.562-03:00  INFO 15668 --- [ApiCrud] [    Test worker] .s.d.r.c.RepositoryConfigurationDelegate : Bootstrapping Spring Data JPA repositories in DEFAULT mode.
2024-04-27T14:17:01.585-03:00  INFO 15668 --- [ApiCrud] [    Test worker] .s.d.r.c.RepositoryConfigurationDelegate : Finished Spring Data repository scanning in 19 ms. Found 1 JPA repository interface.
2024-04-27T14:17:01.786-03:00  INFO 15668 --- [ApiCrud] [    Test worker] o.hibernate.jpa.internal.util.LogHelper  : HHH000204: Processing PersistenceUnitInfo [name: default]
2024-04-27T14:17:01.806-03:00  INFO 15668 --- [ApiCrud] [    Test worker] org.hibernate.Version                    : HHH000412: Hibernate ORM core version 6.4.4.Final
2024-04-27T14:17:01.819-03:00  INFO 15668 --- [ApiCrud] [    Test worker] o.h.c.internal.RegionFactoryInitiator    : HHH000026: Second-level cache disabled
2024-04-27T14:17:01.927-03:00  INFO 15668 --- [ApiCrud] [    Test worker] o.s.o.j.p.SpringPersistenceUnitInfo      : No LoadTimeWeaver setup: ignoring JPA class transformer
2024-04-27T14:17:01.938-03:00  INFO 15668 --- [ApiCrud] [    Test worker] com.zaxxer.hikari.HikariDataSource       : HikariPool-1 - Starting...
2024-04-27T14:17:02.039-03:00  INFO 15668 --- [ApiCrud] [    Test worker] com.zaxxer.hikari.pool.HikariPool        : HikariPool-1 - Added connection org.postgresql.jdbc.PgConnection@218df7d6
2024-04-27T14:17:02.040-03:00  INFO 15668 --- [ApiCrud] [    Test worker] com.zaxxer.hikari.HikariDataSource       : HikariPool-1 - Start completed.
2024-04-27T14:17:02.059-03:00  WARN 15668 --- [ApiCrud] [    Test worker] org.hibernate.orm.deprecation            : HHH90000025: PostgreSQLDialect does not need to be specified explicitly using 'hibernate.dialect' (remove the property setting and it will be selected by default)
2024-04-27T14:17:02.410-03:00  INFO 15668 --- [ApiCrud] [    Test worker] o.h.e.t.j.p.i.JtaPlatformInitiator       : HHH000489: No JTA platform available (set 'hibernate.transaction.jta.platform' to enable JTA platform integration)
2024-04-27T14:17:02.440-03:00  INFO 15668 --- [ApiCrud] [    Test worker] j.LocalContainerEntityManagerFactoryBean : Initialized JPA EntityManagerFactory for persistence unit 'default'
2024-04-27T14:17:02.558-03:00  INFO 15668 --- [ApiCrud] [    Test worker] o.s.d.j.r.query.QueryEnhancerFactory     : Hibernate is in classpath; If applicable, HQL parser will be used.
2024-04-27T14:17:02.877-03:00  WARN 15668 --- [ApiCrud] [    Test worker] JpaBaseConfiguration$JpaWebConfiguration : spring.jpa.open-in-view is enabled by default. Therefore, database queries may be performed during view rendering. Explicitly configure spring.jpa.open-in-view to disable this warning
2024-04-27T14:17:03.145-03:00  INFO 15668 --- [ApiCrud] [    Test worker] c.crud.ApiCrud.ApiCrudApplicationTests   : Started ApiCrudApplicationTests in 2.058 seconds (process running for 2.568)
]]></system-out>
  <system-err><![CDATA[WARNING: A Java agent has been loaded dynamically (/Users/gelson.rodrigues/.gradle/caches/modules-2/files-2.1/net.bytebuddy/byte-buddy-agent/1.14.12/be4984cb6fd1ef1d11f218a648889dfda44b8a15/byte-buddy-agent-1.14.12.jar)
WARNING: If a serviceability tool is in use, please run with -XX:+EnableDynamicAgentLoading to hide this warning
WARNING: If a serviceability tool is not in use, please run with -Djdk.instrument.traceUsage for more information
WARNING: Dynamic loading of agents will be disallowed by default in a future release
]]></system-err>
</testsuite>
